<?xml version="1.0" encoding="UTF-8"?>
<!-- Generated by org.testng.reporters.JUnitReportReporter -->
<testsuite hostname="manju-PC" failures="0" tests="1" name="zzzdummy.Test1" time="0.018" errors="0" timestamp="2021-04-18T22:48:28 BST" skipped="0">
  <testcase classname="zzzdummy.Test1" name="SampleHello" time="0.018"/>
</testsuite> <!-- zzzdummy.Test1 -->
